{"/Users/andreas/dbwebb-kurser/vteam/vteam-grupp5-repo/backend/config/dbTest.config.js": {"path":"/Users/andreas/dbwebb-kurser/vteam/vteam-grupp5-repo/backend/config/dbTest.config.js","statementMap":{"0":{"start":{"line":2,"column":0},"end":{"line":7,"column":1}}},"fnMap":{},"branchMap":{},"s":{"0":1},"f":{},"b":{},"_coverageSchema":"1a1c01bbd47fc00a2c39e90264f33305004495a9","hash":"2479639f417cea3fef5dfdd9ae4d9cfc6734c17e"}
,"/Users/andreas/dbwebb-kurser/vteam/vteam-grupp5-repo/backend/models/auth.js": {"path":"/Users/andreas/dbwebb-kurser/vteam/vteam-grupp5-repo/backend/models/auth.js","statementMap":{"0":{"start":{"line":5,"column":14},"end":{"line":5,"column":35}},"1":{"start":{"line":6,"column":12},"end":{"line":6,"column":35}},"2":{"start":{"line":7,"column":22},"end":{"line":7,"column":43}},"3":{"start":{"line":10,"column":17},"end":{"line":10,"column":39}},"4":{"start":{"line":11,"column":21},"end":{"line":11,"column":52}},"5":{"start":{"line":15,"column":0},"end":{"line":19,"column":1}},"6":{"start":{"line":16,"column":2},"end":{"line":16,"column":17}},"7":{"start":{"line":18,"column":2},"end":{"line":18,"column":33}},"8":{"start":{"line":23,"column":15},"end":{"line":23,"column":34}},"9":{"start":{"line":24,"column":19},"end":{"line":24,"column":21}},"10":{"start":{"line":26,"column":13},"end":{"line":182,"column":1}},"11":{"start":{"line":30,"column":21},"end":{"line":45,"column":6}},"12":{"start":{"line":46,"column":4},"end":{"line":46,"column":32}},"13":{"start":{"line":51,"column":21},"end":{"line":62,"column":6}},"14":{"start":{"line":63,"column":4},"end":{"line":63,"column":32}},"15":{"start":{"line":68,"column":20},"end":{"line":68,"column":39}},"16":{"start":{"line":69,"column":18},"end":{"line":69,"column":64}},"17":{"start":{"line":70,"column":4},"end":{"line":70,"column":56}},"18":{"start":{"line":76,"column":22},"end":{"line":76,"column":50}},"19":{"start":{"line":77,"column":31},"end":{"line":77,"column":33}},"20":{"start":{"line":78,"column":21},"end":{"line":78,"column":26}},"21":{"start":{"line":81,"column":4},"end":{"line":86,"column":5}},"22":{"start":{"line":82,"column":6},"end":{"line":85,"column":7}},"23":{"start":{"line":83,"column":8},"end":{"line":83,"column":25}},"24":{"start":{"line":84,"column":8},"end":{"line":84,"column":45}},"25":{"start":{"line":88,"column":22},"end":{"line":88,"column":24}},"26":{"start":{"line":90,"column":4},"end":{"line":107,"column":5}},"27":{"start":{"line":91,"column":19},"end":{"line":91,"column":48}},"28":{"start":{"line":92,"column":18},"end":{"line":92,"column":71}},"29":{"start":{"line":93,"column":6},"end":{"line":95,"column":7}},"30":{"start":{"line":94,"column":8},"end":{"line":94,"column":20}},"31":{"start":{"line":96,"column":6},"end":{"line":103,"column":7}},"32":{"start":{"line":97,"column":8},"end":{"line":97,"column":55}},"33":{"start":{"line":98,"column":8},"end":{"line":98,"column":46}},"34":{"start":{"line":99,"column":8},"end":{"line":99,"column":33}},"35":{"start":{"line":101,"column":8},"end":{"line":101,"column":50}},"36":{"start":{"line":102,"column":8},"end":{"line":102,"column":33}},"37":{"start":{"line":105,"column":6},"end":{"line":105,"column":57}},"38":{"start":{"line":106,"column":6},"end":{"line":106,"column":31}},"39":{"start":{"line":108,"column":4},"end":{"line":108,"column":22}},"40":{"start":{"line":112,"column":4},"end":{"line":120,"column":6}},"41":{"start":{"line":113,"column":6},"end":{"line":119,"column":8}},"42":{"start":{"line":114,"column":8},"end":{"line":118,"column":9}},"43":{"start":{"line":115,"column":10},"end":{"line":115,"column":21}},"44":{"start":{"line":117,"column":10},"end":{"line":117,"column":22}},"45":{"start":{"line":126,"column":22},"end":{"line":126,"column":50}},"46":{"start":{"line":127,"column":21},"end":{"line":127,"column":26}},"47":{"start":{"line":130,"column":4},"end":{"line":134,"column":5}},"48":{"start":{"line":131,"column":6},"end":{"line":133,"column":7}},"49":{"start":{"line":132,"column":8},"end":{"line":132,"column":25}},"50":{"start":{"line":137,"column":4},"end":{"line":139,"column":5}},"51":{"start":{"line":138,"column":6},"end":{"line":138,"column":78}},"52":{"start":{"line":143,"column":4},"end":{"line":150,"column":6}},"53":{"start":{"line":144,"column":6},"end":{"line":146,"column":7}},"54":{"start":{"line":145,"column":8},"end":{"line":145,"column":24}},"55":{"start":{"line":147,"column":6},"end":{"line":147,"column":27}},"56":{"start":{"line":148,"column":6},"end":{"line":148,"column":40}},"57":{"start":{"line":149,"column":6},"end":{"line":149,"column":47}},"58":{"start":{"line":151,"column":4},"end":{"line":151,"column":48}},"59":{"start":{"line":157,"column":30},"end":{"line":157,"column":61}},"60":{"start":{"line":158,"column":23},"end":{"line":158,"column":84}},"61":{"start":{"line":159,"column":18},"end":{"line":159,"column":34}},"62":{"start":{"line":162,"column":22},"end":{"line":162,"column":50}},"63":{"start":{"line":163,"column":21},"end":{"line":163,"column":26}},"64":{"start":{"line":165,"column":4},"end":{"line":169,"column":5}},"65":{"start":{"line":166,"column":6},"end":{"line":168,"column":7}},"66":{"start":{"line":167,"column":8},"end":{"line":167,"column":25}},"67":{"start":{"line":173,"column":4},"end":{"line":179,"column":5}},"68":{"start":{"line":174,"column":6},"end":{"line":174,"column":47}},"69":{"start":{"line":176,"column":6},"end":{"line":176,"column":128}},"70":{"start":{"line":177,"column":6},"end":{"line":177,"column":47}},"71":{"start":{"line":178,"column":6},"end":{"line":178,"column":48}},"72":{"start":{"line":180,"column":4},"end":{"line":180,"column":22}},"73":{"start":{"line":184,"column":0},"end":{"line":184,"column":21}}},"fnMap":{"0":{"name":"getAccessToken","decl":{"start":{"line":29,"column":33},"end":{"line":29,"column":47}},"loc":{"start":{"line":29,"column":55},"end":{"line":47,"column":3}},"line":29},"1":{"name":"getUserInfoFromAPI","decl":{"start":{"line":50,"column":37},"end":{"line":50,"column":55}},"loc":{"start":{"line":50,"column":64},"end":{"line":64,"column":3}},"line":50},"2":{"name":"loginUser","decl":{"start":{"line":67,"column":28},"end":{"line":67,"column":37}},"loc":{"start":{"line":67,"column":61},"end":{"line":71,"column":3}},"line":67},"3":{"name":"attemptLogin","decl":{"start":{"line":74,"column":31},"end":{"line":74,"column":43}},"loc":{"start":{"line":74,"column":62},"end":{"line":109,"column":3}},"line":74},"4":{"name":"comparePassword","decl":{"start":{"line":111,"column":45},"end":{"line":111,"column":60}},"loc":{"start":{"line":111,"column":78},"end":{"line":121,"column":3}},"line":111},"5":{"name":"(anonymous_5)","decl":{"start":{"line":112,"column":23},"end":{"line":112,"column":24}},"loc":{"start":{"line":112,"column":50},"end":{"line":120,"column":5}},"line":112},"6":{"name":"(anonymous_6)","decl":{"start":{"line":113,"column":37},"end":{"line":113,"column":38}},"loc":{"start":{"line":113,"column":57},"end":{"line":119,"column":7}},"line":113},"7":{"name":"attemptRegistration","decl":{"start":{"line":124,"column":38},"end":{"line":124,"column":57}},"loc":{"start":{"line":124,"column":69},"end":{"line":152,"column":3}},"line":124},"8":{"name":"(anonymous_8)","decl":{"start":{"line":143,"column":47},"end":{"line":143,"column":48}},"loc":{"start":{"line":143,"column":68},"end":{"line":150,"column":5}},"line":143},"9":{"name":"loginOrRegisterWithOAuthCode","decl":{"start":{"line":155,"column":47},"end":{"line":155,"column":75}},"loc":{"start":{"line":155,"column":83},"end":{"line":181,"column":3}},"line":155}},"branchMap":{"0":{"loc":{"start":{"line":15,"column":0},"end":{"line":19,"column":1}},"type":"if","locations":[{"start":{"line":15,"column":0},"end":{"line":19,"column":1}},{"start":{"line":17,"column":7},"end":{"line":19,"column":1}}],"line":15},"1":{"loc":{"start":{"line":67,"column":46},"end":{"line":67,"column":59}},"type":"default-arg","locations":[{"start":{"line":67,"column":57},"end":{"line":67,"column":59}}],"line":67},"2":{"loc":{"start":{"line":82,"column":6},"end":{"line":85,"column":7}},"type":"if","locations":[{"start":{"line":82,"column":6},"end":{"line":85,"column":7}},{"start":{},"end":{}}],"line":82},"3":{"loc":{"start":{"line":90,"column":4},"end":{"line":107,"column":5}},"type":"if","locations":[{"start":{"line":90,"column":4},"end":{"line":107,"column":5}},{"start":{"line":104,"column":11},"end":{"line":107,"column":5}}],"line":90},"4":{"loc":{"start":{"line":93,"column":6},"end":{"line":95,"column":7}},"type":"if","locations":[{"start":{"line":93,"column":6},"end":{"line":95,"column":7}},{"start":{},"end":{}}],"line":93},"5":{"loc":{"start":{"line":93,"column":10},"end":{"line":93,"column":61}},"type":"binary-expr","locations":[{"start":{"line":93,"column":10},"end":{"line":93,"column":39}},{"start":{"line":93,"column":43},"end":{"line":93,"column":61}}],"line":93},"6":{"loc":{"start":{"line":96,"column":6},"end":{"line":103,"column":7}},"type":"if","locations":[{"start":{"line":96,"column":6},"end":{"line":103,"column":7}},{"start":{"line":100,"column":13},"end":{"line":103,"column":7}}],"line":96},"7":{"loc":{"start":{"line":114,"column":8},"end":{"line":118,"column":9}},"type":"if","locations":[{"start":{"line":114,"column":8},"end":{"line":118,"column":9}},{"start":{"line":116,"column":15},"end":{"line":118,"column":9}}],"line":114},"8":{"loc":{"start":{"line":131,"column":6},"end":{"line":133,"column":7}},"type":"if","locations":[{"start":{"line":131,"column":6},"end":{"line":133,"column":7}},{"start":{},"end":{}}],"line":131},"9":{"loc":{"start":{"line":137,"column":4},"end":{"line":139,"column":5}},"type":"if","locations":[{"start":{"line":137,"column":4},"end":{"line":139,"column":5}},{"start":{},"end":{}}],"line":137},"10":{"loc":{"start":{"line":144,"column":6},"end":{"line":146,"column":7}},"type":"if","locations":[{"start":{"line":144,"column":6},"end":{"line":146,"column":7}},{"start":{},"end":{}}],"line":144},"11":{"loc":{"start":{"line":166,"column":6},"end":{"line":168,"column":7}},"type":"if","locations":[{"start":{"line":166,"column":6},"end":{"line":168,"column":7}},{"start":{},"end":{}}],"line":166},"12":{"loc":{"start":{"line":173,"column":4},"end":{"line":179,"column":5}},"type":"if","locations":[{"start":{"line":173,"column":4},"end":{"line":179,"column":5}},{"start":{"line":175,"column":11},"end":{"line":179,"column":5}}],"line":173}},"s":{"0":1,"1":1,"2":1,"3":1,"4":1,"5":1,"6":1,"7":0,"8":1,"9":1,"10":1,"11":0,"12":0,"13":0,"14":0,"15":1,"16":1,"17":1,"18":0,"19":0,"20":0,"21":0,"22":0,"23":0,"24":0,"25":0,"26":0,"27":0,"28":0,"29":0,"30":0,"31":0,"32":0,"33":0,"34":0,"35":0,"36":0,"37":0,"38":0,"39":0,"40":0,"41":0,"42":0,"43":0,"44":0,"45":0,"46":0,"47":0,"48":0,"49":0,"50":0,"51":0,"52":0,"53":0,"54":0,"55":0,"56":0,"57":0,"58":0,"59":0,"60":0,"61":0,"62":0,"63":0,"64":0,"65":0,"66":0,"67":0,"68":0,"69":0,"70":0,"71":0,"72":0,"73":1},"f":{"0":0,"1":0,"2":1,"3":0,"4":0,"5":0,"6":0,"7":0,"8":0,"9":0},"b":{"0":[1,0],"1":[0],"2":[0,0],"3":[0,0],"4":[0,0],"5":[0,0],"6":[0,0],"7":[0,0],"8":[0,0],"9":[0,0],"10":[0,0],"11":[0,0],"12":[0,0]},"_coverageSchema":"1a1c01bbd47fc00a2c39e90264f33305004495a9","hash":"23a76201d7467a3815bdd04b9bf9d9e7e930bc52"}
,"/Users/andreas/dbwebb-kurser/vteam/vteam-grupp5-repo/backend/models/customer.js": {"path":"/Users/andreas/dbwebb-kurser/vteam/vteam-grupp5-repo/backend/models/customer.js","statementMap":{"0":{"start":{"line":3,"column":16},"end":{"line":3,"column":40}},"1":{"start":{"line":5,"column":17},"end":{"line":66,"column":1}},"2":{"start":{"line":9,"column":16},"end":{"line":9,"column":42}},"3":{"start":{"line":10,"column":15},"end":{"line":10,"column":36}},"4":{"start":{"line":12,"column":16},"end":{"line":12,"column":35}},"5":{"start":{"line":13,"column":4},"end":{"line":13,"column":12}},"6":{"start":{"line":14,"column":4},"end":{"line":14,"column":17}},"7":{"start":{"line":19,"column":4},"end":{"line":21,"column":5}},"8":{"start":{"line":20,"column":6},"end":{"line":20,"column":33}},"9":{"start":{"line":23,"column":16},"end":{"line":23,"column":46}},"10":{"start":{"line":24,"column":15},"end":{"line":24,"column":36}},"11":{"start":{"line":25,"column":16},"end":{"line":26,"column":71}},"12":{"start":{"line":27,"column":4},"end":{"line":27,"column":12}},"13":{"start":{"line":28,"column":4},"end":{"line":28,"column":14}},"14":{"start":{"line":33,"column":15},"end":{"line":33,"column":36}},"15":{"start":{"line":35,"column":28},"end":{"line":35,"column":81}},"16":{"start":{"line":36,"column":4},"end":{"line":38,"column":5}},"17":{"start":{"line":37,"column":6},"end":{"line":37,"column":44}},"18":{"start":{"line":40,"column":32},"end":{"line":40,"column":53}},"19":{"start":{"line":43,"column":23},"end":{"line":43,"column":89}},"20":{"start":{"line":44,"column":22},"end":{"line":44,"column":85}},"21":{"start":{"line":45,"column":18},"end":{"line":45,"column":69}},"22":{"start":{"line":46,"column":20},"end":{"line":46,"column":77}},"23":{"start":{"line":48,"column":16},"end":{"line":48,"column":49}},"24":{"start":{"line":50,"column":16},"end":{"line":50,"column":85}},"25":{"start":{"line":51,"column":4},"end":{"line":51,"column":12}},"26":{"start":{"line":53,"column":4},"end":{"line":55,"column":5}},"27":{"start":{"line":54,"column":6},"end":{"line":54,"column":28}},"28":{"start":{"line":56,"column":4},"end":{"line":56,"column":29}},"29":{"start":{"line":60,"column":15},"end":{"line":60,"column":36}},"30":{"start":{"line":62,"column":4},"end":{"line":62,"column":68}},"31":{"start":{"line":64,"column":4},"end":{"line":64,"column":24}},"32":{"start":{"line":68,"column":0},"end":{"line":68,"column":25}}},"fnMap":{"0":{"name":"getAll","decl":{"start":{"line":8,"column":25},"end":{"line":8,"column":31}},"loc":{"start":{"line":8,"column":35},"end":{"line":15,"column":3}},"line":8},"1":{"name":"addCustomer","decl":{"start":{"line":18,"column":30},"end":{"line":18,"column":41}},"loc":{"start":{"line":18,"column":57},"end":{"line":29,"column":3}},"line":18},"2":{"name":"updateCustomer","decl":{"start":{"line":32,"column":33},"end":{"line":32,"column":47}},"loc":{"start":{"line":32,"column":55},"end":{"line":57,"column":3}},"line":32},"3":{"name":"setCustomerStatus","decl":{"start":{"line":59,"column":36},"end":{"line":59,"column":53}},"loc":{"start":{"line":59,"column":67},"end":{"line":65,"column":3}},"line":59}},"branchMap":{"0":{"loc":{"start":{"line":19,"column":4},"end":{"line":21,"column":5}},"type":"if","locations":[{"start":{"line":19,"column":4},"end":{"line":21,"column":5}},{"start":{},"end":{}}],"line":19},"1":{"loc":{"start":{"line":36,"column":4},"end":{"line":38,"column":5}},"type":"if","locations":[{"start":{"line":36,"column":4},"end":{"line":38,"column":5}},{"start":{},"end":{}}],"line":36},"2":{"loc":{"start":{"line":43,"column":23},"end":{"line":43,"column":89}},"type":"cond-expr","locations":[{"start":{"line":43,"column":41},"end":{"line":43,"column":56}},{"start":{"line":43,"column":59},"end":{"line":43,"column":89}}],"line":43},"3":{"loc":{"start":{"line":44,"column":22},"end":{"line":44,"column":85}},"type":"cond-expr","locations":[{"start":{"line":44,"column":39},"end":{"line":44,"column":53}},{"start":{"line":44,"column":56},"end":{"line":44,"column":85}}],"line":44},"4":{"loc":{"start":{"line":45,"column":18},"end":{"line":45,"column":69}},"type":"cond-expr","locations":[{"start":{"line":45,"column":31},"end":{"line":45,"column":41}},{"start":{"line":45,"column":44},"end":{"line":45,"column":69}}],"line":45},"5":{"loc":{"start":{"line":46,"column":20},"end":{"line":46,"column":77}},"type":"cond-expr","locations":[{"start":{"line":46,"column":35},"end":{"line":46,"column":47}},{"start":{"line":46,"column":50},"end":{"line":46,"column":77}}],"line":46},"6":{"loc":{"start":{"line":53,"column":4},"end":{"line":55,"column":5}},"type":"if","locations":[{"start":{"line":53,"column":4},"end":{"line":55,"column":5}},{"start":{},"end":{}}],"line":53}},"s":{"0":1,"1":1,"2":0,"3":0,"4":0,"5":0,"6":0,"7":0,"8":0,"9":0,"10":0,"11":0,"12":0,"13":0,"14":0,"15":0,"16":0,"17":0,"18":0,"19":0,"20":0,"21":0,"22":0,"23":0,"24":0,"25":0,"26":0,"27":0,"28":0,"29":0,"30":0,"31":0,"32":1},"f":{"0":0,"1":0,"2":0,"3":0},"b":{"0":[0,0],"1":[0,0],"2":[0,0],"3":[0,0],"4":[0,0],"5":[0,0],"6":[0,0]},"_coverageSchema":"1a1c01bbd47fc00a2c39e90264f33305004495a9","hash":"c138765419a6f94740e49bf2987b42356f73f80b"}
,"/Users/andreas/dbwebb-kurser/vteam/vteam-grupp5-repo/backend/models/database.js": {"path":"/Users/andreas/dbwebb-kurser/vteam/vteam-grupp5-repo/backend/models/database.js","statementMap":{"0":{"start":{"line":4,"column":0},"end":{"line":8,"column":1}},"1":{"start":{"line":5,"column":2},"end":{"line":5,"column":47}},"2":{"start":{"line":7,"column":2},"end":{"line":7,"column":43}},"3":{"start":{"line":9,"column":14},"end":{"line":9,"column":38}},"4":{"start":{"line":11,"column":17},"end":{"line":24,"column":1}},"5":{"start":{"line":15,"column":23},"end":{"line":21,"column":6}},"6":{"start":{"line":22,"column":4},"end":{"line":22,"column":21}},"7":{"start":{"line":26,"column":0},"end":{"line":26,"column":25}}},"fnMap":{"0":{"name":"getDb","decl":{"start":{"line":14,"column":24},"end":{"line":14,"column":29}},"loc":{"start":{"line":14,"column":33},"end":{"line":23,"column":3}},"line":14}},"branchMap":{"0":{"loc":{"start":{"line":4,"column":0},"end":{"line":8,"column":1}},"type":"if","locations":[{"start":{"line":4,"column":0},"end":{"line":8,"column":1}},{"start":{"line":6,"column":7},"end":{"line":8,"column":1}}],"line":4}},"s":{"0":1,"1":1,"2":0,"3":1,"4":1,"5":0,"6":0,"7":1},"f":{"0":0},"b":{"0":[1,0]},"_coverageSchema":"1a1c01bbd47fc00a2c39e90264f33305004495a9","hash":"a2307cdf11f5dfe61ec9f1e0b9200e96f5193e5e"}
,"/Users/andreas/dbwebb-kurser/vteam/vteam-grupp5-repo/backend/models/map.js": {"path":"/Users/andreas/dbwebb-kurser/vteam/vteam-grupp5-repo/backend/models/map.js","statementMap":{"0":{"start":{"line":3,"column":16},"end":{"line":3,"column":40}},"1":{"start":{"line":5,"column":12},"end":{"line":52,"column":1}},"2":{"start":{"line":9,"column":16},"end":{"line":9,"column":46}},"3":{"start":{"line":10,"column":15},"end":{"line":10,"column":36}},"4":{"start":{"line":12,"column":16},"end":{"line":12,"column":35}},"5":{"start":{"line":13,"column":4},"end":{"line":13,"column":12}},"6":{"start":{"line":14,"column":4},"end":{"line":14,"column":17}},"7":{"start":{"line":18,"column":16},"end":{"line":18,"column":50}},"8":{"start":{"line":19,"column":15},"end":{"line":19,"column":36}},"9":{"start":{"line":21,"column":16},"end":{"line":21,"column":35}},"10":{"start":{"line":22,"column":4},"end":{"line":22,"column":12}},"11":{"start":{"line":23,"column":4},"end":{"line":23,"column":17}},"12":{"start":{"line":27,"column":16},"end":{"line":27,"column":50}},"13":{"start":{"line":28,"column":15},"end":{"line":28,"column":36}},"14":{"start":{"line":30,"column":16},"end":{"line":30,"column":41}},"15":{"start":{"line":31,"column":4},"end":{"line":31,"column":12}},"16":{"start":{"line":32,"column":4},"end":{"line":32,"column":17}},"17":{"start":{"line":36,"column":16},"end":{"line":36,"column":39}},"18":{"start":{"line":37,"column":15},"end":{"line":37,"column":36}},"19":{"start":{"line":39,"column":16},"end":{"line":39,"column":35}},"20":{"start":{"line":40,"column":4},"end":{"line":40,"column":12}},"21":{"start":{"line":41,"column":4},"end":{"line":41,"column":17}},"22":{"start":{"line":45,"column":16},"end":{"line":45,"column":38}},"23":{"start":{"line":46,"column":15},"end":{"line":46,"column":36}},"24":{"start":{"line":48,"column":16},"end":{"line":48,"column":47}},"25":{"start":{"line":49,"column":4},"end":{"line":49,"column":12}},"26":{"start":{"line":50,"column":4},"end":{"line":50,"column":17}},"27":{"start":{"line":54,"column":0},"end":{"line":54,"column":20}}},"fnMap":{"0":{"name":"getParkingZones","decl":{"start":{"line":8,"column":34},"end":{"line":8,"column":49}},"loc":{"start":{"line":8,"column":53},"end":{"line":15,"column":3}},"line":8},"1":{"name":"getChargingStations","decl":{"start":{"line":17,"column":38},"end":{"line":17,"column":57}},"loc":{"start":{"line":17,"column":61},"end":{"line":24,"column":3}},"line":17},"2":{"name":"getOneStation","decl":{"start":{"line":26,"column":32},"end":{"line":26,"column":45}},"loc":{"start":{"line":26,"column":51},"end":{"line":33,"column":3}},"line":26},"3":{"name":"getCities","decl":{"start":{"line":35,"column":28},"end":{"line":35,"column":37}},"loc":{"start":{"line":35,"column":41},"end":{"line":42,"column":3}},"line":35},"4":{"name":"getOneCity","decl":{"start":{"line":44,"column":29},"end":{"line":44,"column":39}},"loc":{"start":{"line":44,"column":51},"end":{"line":51,"column":3}},"line":44}},"branchMap":{},"s":{"0":1,"1":1,"2":0,"3":0,"4":0,"5":0,"6":0,"7":0,"8":0,"9":0,"10":0,"11":0,"12":0,"13":0,"14":0,"15":0,"16":0,"17":0,"18":0,"19":0,"20":0,"21":0,"22":0,"23":0,"24":0,"25":0,"26":0,"27":1},"f":{"0":0,"1":0,"2":0,"3":0,"4":0},"b":{},"_coverageSchema":"1a1c01bbd47fc00a2c39e90264f33305004495a9","hash":"f2440c2314a3e30a00cbb60cc6a2067342ff8a54"}
,"/Users/andreas/dbwebb-kurser/vteam/vteam-grupp5-repo/backend/models/scooter.js": {"path":"/Users/andreas/dbwebb-kurser/vteam/vteam-grupp5-repo/backend/models/scooter.js","statementMap":{"0":{"start":{"line":3,"column":16},"end":{"line":3,"column":40}},"1":{"start":{"line":4,"column":19},"end":{"line":4,"column":42}},"2":{"start":{"line":5,"column":18},"end":{"line":5,"column":41}},"3":{"start":{"line":7,"column":16},"end":{"line":104,"column":1}},"4":{"start":{"line":11,"column":16},"end":{"line":11,"column":41}},"5":{"start":{"line":12,"column":15},"end":{"line":12,"column":36}},"6":{"start":{"line":14,"column":16},"end":{"line":14,"column":35}},"7":{"start":{"line":15,"column":4},"end":{"line":15,"column":12}},"8":{"start":{"line":16,"column":4},"end":{"line":16,"column":17}},"9":{"start":{"line":20,"column":16},"end":{"line":20,"column":41}},"10":{"start":{"line":21,"column":15},"end":{"line":21,"column":36}},"11":{"start":{"line":23,"column":16},"end":{"line":23,"column":41}},"12":{"start":{"line":24,"column":4},"end":{"line":24,"column":12}},"13":{"start":{"line":25,"column":4},"end":{"line":25,"column":17}},"14":{"start":{"line":29,"column":16},"end":{"line":29,"column":43}},"15":{"start":{"line":30,"column":15},"end":{"line":30,"column":36}},"16":{"start":{"line":32,"column":18},"end":{"line":32,"column":21}},"17":{"start":{"line":33,"column":4},"end":{"line":35,"column":5}},"18":{"start":{"line":34,"column":6},"end":{"line":34,"column":28}},"19":{"start":{"line":36,"column":16},"end":{"line":36,"column":80}},"20":{"start":{"line":37,"column":4},"end":{"line":37,"column":12}},"21":{"start":{"line":38,"column":4},"end":{"line":38,"column":17}},"22":{"start":{"line":41,"column":4},"end":{"line":41,"column":51}},"23":{"start":{"line":45,"column":15},"end":{"line":45,"column":36}},"24":{"start":{"line":48,"column":28},"end":{"line":48,"column":80}},"25":{"start":{"line":50,"column":4},"end":{"line":52,"column":5}},"26":{"start":{"line":51,"column":6},"end":{"line":51,"column":43}},"27":{"start":{"line":54,"column":31},"end":{"line":54,"column":52}},"28":{"start":{"line":57,"column":19},"end":{"line":57,"column":90}},"29":{"start":{"line":58,"column":14},"end":{"line":58,"column":76}},"30":{"start":{"line":59,"column":20},"end":{"line":59,"column":94}},"31":{"start":{"line":62,"column":4},"end":{"line":67,"column":5}},"32":{"start":{"line":63,"column":29},"end":{"line":63,"column":88}},"33":{"start":{"line":64,"column":6},"end":{"line":64,"column":75}},"34":{"start":{"line":65,"column":18},"end":{"line":65,"column":52}},"35":{"start":{"line":66,"column":6},"end":{"line":66,"column":62}},"36":{"start":{"line":69,"column":16},"end":{"line":69,"column":46}},"37":{"start":{"line":70,"column":4},"end":{"line":70,"column":56}},"38":{"start":{"line":71,"column":4},"end":{"line":71,"column":12}},"39":{"start":{"line":73,"column":4},"end":{"line":73,"column":79}},"40":{"start":{"line":78,"column":15},"end":{"line":78,"column":36}},"41":{"start":{"line":80,"column":16},"end":{"line":80,"column":44}},"42":{"start":{"line":82,"column":16},"end":{"line":82,"column":70}},"43":{"start":{"line":84,"column":4},"end":{"line":84,"column":12}},"44":{"start":{"line":86,"column":4},"end":{"line":86,"column":67}},"45":{"start":{"line":90,"column":21},"end":{"line":90,"column":40}},"46":{"start":{"line":91,"column":15},"end":{"line":91,"column":36}},"47":{"start":{"line":92,"column":4},"end":{"line":101,"column":5}},"48":{"start":{"line":93,"column":25},"end":{"line":93,"column":69}},"49":{"start":{"line":94,"column":6},"end":{"line":100,"column":7}},"50":{"start":{"line":95,"column":20},"end":{"line":95,"column":51}},"51":{"start":{"line":96,"column":8},"end":{"line":96,"column":31}},"52":{"start":{"line":97,"column":20},"end":{"line":97,"column":68}},"53":{"start":{"line":98,"column":8},"end":{"line":98,"column":63}},"54":{"start":{"line":99,"column":8},"end":{"line":99,"column":33}},"55":{"start":{"line":102,"column":4},"end":{"line":102,"column":12}},"56":{"start":{"line":106,"column":0},"end":{"line":106,"column":24}}},"fnMap":{"0":{"name":"getAll","decl":{"start":{"line":10,"column":25},"end":{"line":10,"column":31}},"loc":{"start":{"line":10,"column":35},"end":{"line":17,"column":3}},"line":10},"1":{"name":"getOne","decl":{"start":{"line":19,"column":25},"end":{"line":19,"column":31}},"loc":{"start":{"line":19,"column":37},"end":{"line":26,"column":3}},"line":19},"2":{"name":"addScooter","decl":{"start":{"line":28,"column":29},"end":{"line":28,"column":39}},"loc":{"start":{"line":28,"column":47},"end":{"line":39,"column":3}},"line":28},"3":{"name":"zoneC","decl":{"start":{"line":40,"column":27},"end":{"line":40,"column":32}},"loc":{"start":{"line":40,"column":49},"end":{"line":42,"column":3}},"line":40},"4":{"name":"updateCustomer","decl":{"start":{"line":44,"column":32},"end":{"line":44,"column":46}},"loc":{"start":{"line":44,"column":54},"end":{"line":74,"column":3}},"line":44},"5":{"name":"reportScooter","decl":{"start":{"line":77,"column":32},"end":{"line":77,"column":45}},"loc":{"start":{"line":77,"column":53},"end":{"line":87,"column":3}},"line":77},"6":{"name":"initialParkingCheck","decl":{"start":{"line":89,"column":38},"end":{"line":89,"column":57}},"loc":{"start":{"line":89,"column":61},"end":{"line":103,"column":3}},"line":89}},"branchMap":{"0":{"loc":{"start":{"line":33,"column":4},"end":{"line":35,"column":5}},"type":"if","locations":[{"start":{"line":33,"column":4},"end":{"line":35,"column":5}},{"start":{},"end":{}}],"line":33},"1":{"loc":{"start":{"line":50,"column":4},"end":{"line":52,"column":5}},"type":"if","locations":[{"start":{"line":50,"column":4},"end":{"line":52,"column":5}},{"start":{},"end":{}}],"line":50},"2":{"loc":{"start":{"line":57,"column":19},"end":{"line":57,"column":90}},"type":"cond-expr","locations":[{"start":{"line":57,"column":51},"end":{"line":57,"column":62}},{"start":{"line":57,"column":65},"end":{"line":57,"column":90}}],"line":57},"3":{"loc":{"start":{"line":58,"column":14},"end":{"line":58,"column":76}},"type":"cond-expr","locations":[{"start":{"line":58,"column":43},"end":{"line":58,"column":51}},{"start":{"line":58,"column":54},"end":{"line":58,"column":76}}],"line":58},"4":{"loc":{"start":{"line":59,"column":20},"end":{"line":59,"column":94}},"type":"cond-expr","locations":[{"start":{"line":59,"column":53},"end":{"line":59,"column":65}},{"start":{"line":59,"column":68},"end":{"line":59,"column":94}}],"line":59},"5":{"loc":{"start":{"line":62,"column":4},"end":{"line":67,"column":5}},"type":"if","locations":[{"start":{"line":62,"column":4},"end":{"line":67,"column":5}},{"start":{},"end":{}}],"line":62},"6":{"loc":{"start":{"line":62,"column":8},"end":{"line":62,"column":60}},"type":"binary-expr","locations":[{"start":{"line":62,"column":8},"end":{"line":62,"column":39}},{"start":{"line":62,"column":43},"end":{"line":62,"column":60}}],"line":62},"7":{"loc":{"start":{"line":94,"column":6},"end":{"line":100,"column":7}},"type":"if","locations":[{"start":{"line":94,"column":6},"end":{"line":100,"column":7}},{"start":{},"end":{}}],"line":94}},"s":{"0":1,"1":1,"2":1,"3":1,"4":0,"5":0,"6":0,"7":0,"8":0,"9":0,"10":0,"11":0,"12":0,"13":0,"14":0,"15":0,"16":0,"17":0,"18":0,"19":0,"20":0,"21":0,"22":0,"23":0,"24":0,"25":0,"26":0,"27":0,"28":0,"29":0,"30":0,"31":0,"32":0,"33":0,"34":0,"35":0,"36":0,"37":0,"38":0,"39":0,"40":0,"41":0,"42":0,"43":0,"44":0,"45":0,"46":0,"47":0,"48":0,"49":0,"50":0,"51":0,"52":0,"53":0,"54":0,"55":0,"56":1},"f":{"0":0,"1":0,"2":0,"3":0,"4":0,"5":0,"6":0},"b":{"0":[0,0],"1":[0,0],"2":[0,0],"3":[0,0],"4":[0,0],"5":[0,0],"6":[0,0],"7":[0,0]},"_coverageSchema":"1a1c01bbd47fc00a2c39e90264f33305004495a9","hash":"41b5f2773a8579dd472e937dd69bdd7dc3e22476"}
,"/Users/andreas/dbwebb-kurser/vteam/vteam-grupp5-repo/backend/models/statusCalc.js": {"path":"/Users/andreas/dbwebb-kurser/vteam/vteam-grupp5-repo/backend/models/statusCalc.js","statementMap":{"0":{"start":{"line":3,"column":17},"end":{"line":3,"column":33}},"1":{"start":{"line":4,"column":16},"end":{"line":4,"column":34}},"2":{"start":{"line":5,"column":16},"end":{"line":5,"column":36}},"3":{"start":{"line":7,"column":19},"end":{"line":101,"column":1}},"4":{"start":{"line":10,"column":18},"end":{"line":10,"column":43}},"5":{"start":{"line":12,"column":25},"end":{"line":12,"column":57}},"6":{"start":{"line":13,"column":37},"end":{"line":13,"column":69}},"7":{"start":{"line":13,"column":61},"end":{"line":13,"column":68}},"8":{"start":{"line":14,"column":25},"end":{"line":14,"column":79}},"9":{"start":{"line":14,"column":62},"end":{"line":14,"column":78}},"10":{"start":{"line":16,"column":29},"end":{"line":16,"column":65}},"11":{"start":{"line":17,"column":24},"end":{"line":17,"column":60}},"12":{"start":{"line":17,"column":52},"end":{"line":17,"column":59}},"13":{"start":{"line":19,"column":23},"end":{"line":19,"column":24}},"14":{"start":{"line":20,"column":19},"end":{"line":20,"column":21}},"15":{"start":{"line":21,"column":17},"end":{"line":21,"column":18}},"16":{"start":{"line":27,"column":20},"end":{"line":27,"column":21}},"17":{"start":{"line":28,"column":4},"end":{"line":36,"column":5}},"18":{"start":{"line":29,"column":6},"end":{"line":35,"column":7}},"19":{"start":{"line":30,"column":8},"end":{"line":30,"column":24}},"20":{"start":{"line":31,"column":8},"end":{"line":31,"column":25}},"21":{"start":{"line":32,"column":8},"end":{"line":32,"column":13}},"22":{"start":{"line":34,"column":8},"end":{"line":34,"column":19}},"23":{"start":{"line":37,"column":4},"end":{"line":39,"column":5}},"24":{"start":{"line":38,"column":6},"end":{"line":38,"column":41}},"25":{"start":{"line":42,"column":4},"end":{"line":50,"column":5}},"26":{"start":{"line":43,"column":6},"end":{"line":43,"column":35}},"27":{"start":{"line":44,"column":6},"end":{"line":44,"column":52}},"28":{"start":{"line":45,"column":23},"end":{"line":45,"column":66}},"29":{"start":{"line":46,"column":6},"end":{"line":49,"column":7}},"30":{"start":{"line":47,"column":8},"end":{"line":47,"column":24}},"31":{"start":{"line":48,"column":8},"end":{"line":48,"column":28}},"32":{"start":{"line":51,"column":4},"end":{"line":51,"column":55}},"33":{"start":{"line":54,"column":14},"end":{"line":54,"column":22}},"34":{"start":{"line":54,"column":34},"end":{"line":54,"column":42}},"35":{"start":{"line":55,"column":17},"end":{"line":55,"column":22}},"36":{"start":{"line":57,"column":4},"end":{"line":66,"column":5}},"37":{"start":{"line":57,"column":17},"end":{"line":57,"column":18}},"38":{"start":{"line":57,"column":24},"end":{"line":57,"column":43}},"39":{"start":{"line":58,"column":17},"end":{"line":58,"column":31}},"40":{"start":{"line":58,"column":44},"end":{"line":58,"column":58}},"41":{"start":{"line":59,"column":17},"end":{"line":59,"column":31}},"42":{"start":{"line":59,"column":44},"end":{"line":59,"column":58}},"43":{"start":{"line":61,"column":24},"end":{"line":62,"column":55}},"44":{"start":{"line":63,"column":6},"end":{"line":65,"column":7}},"45":{"start":{"line":64,"column":8},"end":{"line":64,"column":24}},"46":{"start":{"line":68,"column":4},"end":{"line":68,"column":17}},"47":{"start":{"line":73,"column":24},"end":{"line":73,"column":53}},"48":{"start":{"line":75,"column":33},"end":{"line":75,"column":34}},"49":{"start":{"line":76,"column":26},"end":{"line":76,"column":34}},"50":{"start":{"line":78,"column":18},"end":{"line":78,"column":62}},"51":{"start":{"line":79,"column":29},"end":{"line":79,"column":65}},"52":{"start":{"line":81,"column":24},"end":{"line":81,"column":60}},"53":{"start":{"line":81,"column":52},"end":{"line":81,"column":59}},"54":{"start":{"line":83,"column":12},"end":{"line":83,"column":13}},"55":{"start":{"line":84,"column":23},"end":{"line":84,"column":24}},"56":{"start":{"line":85,"column":4},"end":{"line":95,"column":5}},"57":{"start":{"line":86,"column":6},"end":{"line":86,"column":35}},"58":{"start":{"line":87,"column":6},"end":{"line":87,"column":52}},"59":{"start":{"line":88,"column":23},"end":{"line":88,"column":66}},"60":{"start":{"line":89,"column":6},"end":{"line":93,"column":7}},"61":{"start":{"line":90,"column":8},"end":{"line":90,"column":34}},"62":{"start":{"line":91,"column":8},"end":{"line":91,"column":40}},"63":{"start":{"line":92,"column":8},"end":{"line":92,"column":24}},"64":{"start":{"line":94,"column":6},"end":{"line":94,"column":9}},"65":{"start":{"line":97,"column":27},"end":{"line":97,"column":107}},"66":{"start":{"line":99,"column":4},"end":{"line":99,"column":25}},"67":{"start":{"line":103,"column":0},"end":{"line":103,"column":27}}},"fnMap":{"0":{"name":"zoneCalculation","decl":{"start":{"line":9,"column":34},"end":{"line":9,"column":49}},"loc":{"start":{"line":9,"column":66},"end":{"line":52,"column":3}},"line":9},"1":{"name":"(anonymous_1)","decl":{"start":{"line":13,"column":54},"end":{"line":13,"column":55}},"loc":{"start":{"line":13,"column":61},"end":{"line":13,"column":68}},"line":13},"2":{"name":"(anonymous_2)","decl":{"start":{"line":14,"column":54},"end":{"line":14,"column":55}},"loc":{"start":{"line":14,"column":62},"end":{"line":14,"column":78}},"line":14},"3":{"name":"(anonymous_3)","decl":{"start":{"line":17,"column":45},"end":{"line":17,"column":46}},"loc":{"start":{"line":17,"column":52},"end":{"line":17,"column":59}},"line":17},"4":{"name":"pointInside","decl":{"start":{"line":53,"column":24},"end":{"line":53,"column":35}},"loc":{"start":{"line":53,"column":54},"end":{"line":69,"column":3}},"line":53},"5":{"name":"findClosestChargingStation","decl":{"start":{"line":70,"column":45},"end":{"line":70,"column":71}},"loc":{"start":{"line":70,"column":82},"end":{"line":100,"column":3}},"line":70},"6":{"name":"(anonymous_6)","decl":{"start":{"line":81,"column":45},"end":{"line":81,"column":46}},"loc":{"start":{"line":81,"column":52},"end":{"line":81,"column":59}},"line":81}},"branchMap":{"0":{"loc":{"start":{"line":29,"column":6},"end":{"line":35,"column":7}},"type":"if","locations":[{"start":{"line":29,"column":6},"end":{"line":35,"column":7}},{"start":{"line":33,"column":13},"end":{"line":35,"column":7}}],"line":29},"1":{"loc":{"start":{"line":37,"column":4},"end":{"line":39,"column":5}},"type":"if","locations":[{"start":{"line":37,"column":4},"end":{"line":39,"column":5}},{"start":{},"end":{}}],"line":37},"2":{"loc":{"start":{"line":46,"column":6},"end":{"line":49,"column":7}},"type":"if","locations":[{"start":{"line":46,"column":6},"end":{"line":49,"column":7}},{"start":{},"end":{}}],"line":46},"3":{"loc":{"start":{"line":61,"column":24},"end":{"line":62,"column":55}},"type":"binary-expr","locations":[{"start":{"line":61,"column":25},"end":{"line":61,"column":46}},{"start":{"line":62,"column":13},"end":{"line":62,"column":54}}],"line":61},"4":{"loc":{"start":{"line":63,"column":6},"end":{"line":65,"column":7}},"type":"if","locations":[{"start":{"line":63,"column":6},"end":{"line":65,"column":7}},{"start":{},"end":{}}],"line":63},"5":{"loc":{"start":{"line":89,"column":6},"end":{"line":93,"column":7}},"type":"if","locations":[{"start":{"line":89,"column":6},"end":{"line":93,"column":7}},{"start":{},"end":{}}],"line":89}},"s":{"0":1,"1":1,"2":1,"3":1,"4":0,"5":0,"6":0,"7":0,"8":0,"9":0,"10":0,"11":0,"12":0,"13":0,"14":0,"15":0,"16":0,"17":0,"18":0,"19":0,"20":0,"21":0,"22":0,"23":0,"24":0,"25":0,"26":0,"27":0,"28":0,"29":0,"30":0,"31":0,"32":0,"33":2,"34":2,"35":2,"36":2,"37":2,"38":2,"39":8,"40":8,"41":8,"42":8,"43":8,"44":8,"45":1,"46":2,"47":0,"48":0,"49":0,"50":0,"51":0,"52":0,"53":0,"54":0,"55":0,"56":0,"57":0,"58":0,"59":0,"60":0,"61":0,"62":0,"63":0,"64":0,"65":0,"66":0,"67":1},"f":{"0":0,"1":0,"2":0,"3":0,"4":2,"5":0,"6":0},"b":{"0":[0,0],"1":[0,0],"2":[0,0],"3":[8,2],"4":[1,7],"5":[0,0]},"_coverageSchema":"1a1c01bbd47fc00a2c39e90264f33305004495a9","hash":"e69679d4e18090afacb8c09cadb1c74b24b6769a"}
}
