TN:
SF:config/db.config.js
FNF:0
FNH:0
DA:3,1
LF:1
LH:1
BRF:0
BRH:0
end_of_record
TN:
SF:models/auth.js
FN:29,getAccessToken
FN:50,getUserInfoFromAPI
FN:67,loginUser
FN:75,attemptLogin
FN:112,comparePassword
FN:113,(anonymous_5)
FN:114,(anonymous_6)
FN:125,attemptRegistration
FN:144,(anonymous_8)
FN:156,loginOrRegisterWithOAuthCode
FNF:10
FNH:1
FNDA:0,getAccessToken
FNDA:0,getUserInfoFromAPI
FNDA:1,loginUser
FNDA:0,attemptLogin
FNDA:0,comparePassword
FNDA:0,(anonymous_5)
FNDA:0,(anonymous_6)
FNDA:0,attemptRegistration
FNDA:0,(anonymous_8)
FNDA:0,loginOrRegisterWithOAuthCode
DA:5,1
DA:6,1
DA:7,1
DA:10,1
DA:11,1
DA:15,1
DA:16,1
DA:18,0
DA:23,1
DA:24,1
DA:26,1
DA:30,0
DA:46,0
DA:51,0
DA:63,0
DA:68,1
DA:69,1
DA:70,1
DA:71,1
DA:77,0
DA:78,0
DA:79,0
DA:82,0
DA:83,0
DA:84,0
DA:85,0
DA:89,0
DA:91,0
DA:92,0
DA:93,0
DA:94,0
DA:95,0
DA:97,0
DA:98,0
DA:99,0
DA:100,0
DA:102,0
DA:103,0
DA:106,0
DA:107,0
DA:109,0
DA:113,0
DA:114,0
DA:115,0
DA:116,0
DA:118,0
DA:127,0
DA:128,0
DA:131,0
DA:132,0
DA:133,0
DA:138,0
DA:139,0
DA:144,0
DA:145,0
DA:146,0
DA:148,0
DA:149,0
DA:150,0
DA:152,0
DA:158,0
DA:159,0
DA:160,0
DA:163,0
DA:164,0
DA:166,0
DA:167,0
DA:168,0
DA:174,0
DA:175,0
DA:177,0
DA:178,0
DA:179,0
DA:181,0
DA:182,0
DA:186,1
LF:76
LH:15
BRDA:15,0,0,1
BRDA:15,0,1,0
BRDA:67,1,0,0
BRDA:83,2,0,0
BRDA:83,2,1,0
BRDA:91,3,0,0
BRDA:91,3,1,0
BRDA:94,4,0,0
BRDA:94,4,1,0
BRDA:94,5,0,0
BRDA:94,5,1,0
BRDA:97,6,0,0
BRDA:97,6,1,0
BRDA:115,7,0,0
BRDA:115,7,1,0
BRDA:132,8,0,0
BRDA:132,8,1,0
BRDA:138,9,0,0
BRDA:138,9,1,0
BRDA:145,10,0,0
BRDA:145,10,1,0
BRDA:167,11,0,0
BRDA:167,11,1,0
BRDA:174,12,0,0
BRDA:174,12,1,0
BRF:25
BRH:1
end_of_record
TN:
SF:models/customer.js
FN:8,getAll
FN:18,addCustomer
FN:32,updateCustomer
FN:59,setCustomerStatus
FNF:4
FNH:0
FNDA:0,getAll
FNDA:0,addCustomer
FNDA:0,updateCustomer
FNDA:0,setCustomerStatus
DA:3,1
DA:5,1
DA:9,0
DA:10,0
DA:12,0
DA:13,0
DA:14,0
DA:19,0
DA:20,0
DA:23,0
DA:24,0
DA:25,0
DA:27,0
DA:28,0
DA:33,0
DA:35,0
DA:36,0
DA:37,0
DA:40,0
DA:43,0
DA:44,0
DA:45,0
DA:46,0
DA:48,0
DA:50,0
DA:51,0
DA:53,0
DA:54,0
DA:56,0
DA:60,0
DA:62,0
DA:64,0
DA:68,1
LF:33
LH:3
BRDA:19,0,0,0
BRDA:19,0,1,0
BRDA:36,1,0,0
BRDA:36,1,1,0
BRDA:43,2,0,0
BRDA:43,2,1,0
BRDA:44,3,0,0
BRDA:44,3,1,0
BRDA:45,4,0,0
BRDA:45,4,1,0
BRDA:46,5,0,0
BRDA:46,5,1,0
BRDA:53,6,0,0
BRDA:53,6,1,0
BRF:14
BRH:0
end_of_record
TN:
SF:models/database.js
FN:9,getDb
FNF:1
FNH:0
FNDA:0,getDb
DA:3,1
DA:4,1
DA:6,1
DA:10,0
DA:16,0
DA:20,1
LF:6
LH:4
BRF:0
BRH:0
end_of_record
TN:
SF:models/map.js
FN:8,getParkingZones
FN:17,getChargingStations
FN:26,getOneStation
FN:35,getCities
FN:44,getOneCity
FNF:5
FNH:0
FNDA:0,getParkingZones
FNDA:0,getChargingStations
FNDA:0,getOneStation
FNDA:0,getCities
FNDA:0,getOneCity
DA:3,1
DA:5,1
DA:9,0
DA:10,0
DA:12,0
DA:13,0
DA:14,0
DA:18,0
DA:19,0
DA:21,0
DA:22,0
DA:23,0
DA:27,0
DA:28,0
DA:30,0
DA:31,0
DA:32,0
DA:36,0
DA:37,0
DA:39,0
DA:40,0
DA:41,0
DA:45,0
DA:46,0
DA:48,0
DA:49,0
DA:50,0
DA:54,1
LF:28
LH:3
BRF:0
BRH:0
end_of_record
TN:
SF:models/scooter.js
FN:10,getAll
FN:19,getOne
FN:28,addScooter
FN:40,zoneC
FN:44,updateCustomer
FN:77,reportScooter
FN:89,initialParkingCheck
FNF:7
FNH:0
FNDA:0,getAll
FNDA:0,getOne
FNDA:0,addScooter
FNDA:0,zoneC
FNDA:0,updateCustomer
FNDA:0,reportScooter
FNDA:0,initialParkingCheck
DA:3,1
DA:4,1
DA:5,1
DA:7,1
DA:11,0
DA:12,0
DA:14,0
DA:15,0
DA:16,0
DA:20,0
DA:21,0
DA:23,0
DA:24,0
DA:25,0
DA:29,0
DA:30,0
DA:32,0
DA:33,0
DA:34,0
DA:36,0
DA:37,0
DA:38,0
DA:41,0
DA:45,0
DA:48,0
DA:50,0
DA:51,0
DA:54,0
DA:57,0
DA:58,0
DA:59,0
DA:62,0
DA:63,0
DA:64,0
DA:65,0
DA:66,0
DA:69,0
DA:70,0
DA:71,0
DA:73,0
DA:78,0
DA:80,0
DA:82,0
DA:84,0
DA:86,0
DA:90,0
DA:91,0
DA:92,0
DA:93,0
DA:94,0
DA:95,0
DA:96,0
DA:97,0
DA:98,0
DA:99,0
DA:102,0
DA:106,1
LF:57
LH:5
BRDA:33,0,0,0
BRDA:33,0,1,0
BRDA:50,1,0,0
BRDA:50,1,1,0
BRDA:57,2,0,0
BRDA:57,2,1,0
BRDA:58,3,0,0
BRDA:58,3,1,0
BRDA:59,4,0,0
BRDA:59,4,1,0
BRDA:62,5,0,0
BRDA:62,5,1,0
BRDA:62,6,0,0
BRDA:62,6,1,0
BRDA:94,7,0,0
BRDA:94,7,1,0
BRF:16
BRH:0
end_of_record
TN:
SF:models/statusCalc.js
FN:9,zoneCalculation
FN:13,(anonymous_1)
FN:14,(anonymous_2)
FN:17,(anonymous_3)
FN:53,pointInside
FN:70,findClosestChargingStation
FN:81,(anonymous_6)
FNF:7
FNH:1
FNDA:0,zoneCalculation
FNDA:0,(anonymous_1)
FNDA:0,(anonymous_2)
FNDA:0,(anonymous_3)
FNDA:2,pointInside
FNDA:0,findClosestChargingStation
FNDA:0,(anonymous_6)
DA:3,1
DA:4,1
DA:5,1
DA:7,1
DA:10,0
DA:12,0
DA:13,0
DA:14,0
DA:16,0
DA:17,0
DA:19,0
DA:20,0
DA:21,0
DA:27,0
DA:28,0
DA:29,0
DA:30,0
DA:31,0
DA:32,0
DA:34,0
DA:37,0
DA:38,0
DA:42,0
DA:43,0
DA:44,0
DA:45,0
DA:46,0
DA:47,0
DA:48,0
DA:51,0
DA:54,2
DA:55,2
DA:57,2
DA:58,8
DA:59,8
DA:61,8
DA:63,8
DA:64,1
DA:68,2
DA:73,0
DA:75,0
DA:76,0
DA:78,0
DA:79,0
DA:81,0
DA:83,0
DA:84,0
DA:85,0
DA:86,0
DA:87,0
DA:88,0
DA:89,0
DA:90,0
DA:91,0
DA:92,0
DA:94,0
DA:97,0
DA:99,0
DA:103,1
LF:59
LH:14
BRDA:29,0,0,0
BRDA:29,0,1,0
BRDA:37,1,0,0
BRDA:37,1,1,0
BRDA:46,2,0,0
BRDA:46,2,1,0
BRDA:61,3,0,8
BRDA:61,3,1,2
BRDA:63,4,0,1
BRDA:63,4,1,7
BRDA:89,5,0,0
BRDA:89,5,1,0
BRF:12
BRH:4
end_of_record
